::1 - - [20/Mar/2017:09:54:45 +0000] "GET /users HTTP/1.1" 304 - "-" "Mozilla/5.0 (Windows NT 6.1; Win64; x64) AppleWebKit/537.36 (KHTML, like Gecko) Chrome/56.0.2924.87 Safari/537.36"
::1 - - [20/Mar/2017:09:54:58 +0000] "GET /users HTTP/1.1" 304 - "-" "Mozilla/5.0 (Windows NT 6.1; Win64; x64) AppleWebKit/537.36 (KHTML, like Gecko) Chrome/56.0.2924.87 Safari/537.36"
::1 - - [20/Mar/2017:09:57:38 +0000] "GET /users HTTP/1.1" 304 -
::1 - - [20/Mar/2017:09:57:53 +0000] "GET /users HTTP/1.1" 304 -
::1 - - [20/Mar/2017:09:57:55 +0000] "GET /users HTTP/1.1" 304 -
::1 - - [20/Mar/2017:09:57:55 +0000] "GET /users HTTP/1.1" 304 -
::1 - - [20/Mar/2017:09:57:55 +0000] "GET /users HTTP/1.1" 304 -
::1 - - [20/Mar/2017:09:57:55 +0000] "GET /users HTTP/1.1" 304 -
::1 - - [20/Mar/2017:09:57:55 +0000] "GET /users HTTP/1.1" 304 -
::1 - - [20/Mar/2017:09:57:56 +0000] "GET /users HTTP/1.1" 304 -
::1 - - [20/Mar/2017:09:57:56 +0000] "GET /users HTTP/1.1" 304 -
::1 - - [20/Mar/2017:09:57:56 +0000] "GET /users HTTP/1.1" 304 -
::1 - - [20/Mar/2017:09:57:56 +0000] "GET /users HTTP/1.1" 304 -
::1 - - [20/Mar/2017:09:57:56 +0000] "GET /users HTTP/1.1" 304 -
::1 - - [20/Mar/2017:09:57:57 +0000] "GET /users HTTP/1.1" 304 -
::1 - - [20/Mar/2017:09:57:57 +0000] "GET /users HTTP/1.1" 304 -
::1 - - [21/Mar/2017:04:29:51 +0000] "GET /users HTTP/1.1" 304 -
::1 - - [21/Mar/2017:06:40:35 +0000] "GET / HTTP/1.1" 304 -
::1 - - [21/Mar/2017:06:40:35 +0000] "GET /stylesheets/style.css HTTP/1.1" 304 -
::1 - - [21/Mar/2017:06:42:52 +0000] "GET / HTTP/1.1" 200 180
::1 - - [21/Mar/2017:06:42:52 +0000] "GET /stylesheets/style.css HTTP/1.1" 304 -
::1 - - [21/Mar/2017:06:49:16 +0000] "GET /users HTTP/1.1" 304 -
::1 - - [21/Mar/2017:06:55:26 +0000] "GET /users HTTP/1.1" 304 -
::1 - - [21/Mar/2017:07:00:39 +0000] "GET /users HTTP/1.1" 304 -
::1 - - [21/Mar/2017:07:01:17 +0000] "GET /users HTTP/1.1" 304 -
::1 - - [21/Mar/2017:07:03:07 +0000] "GET /users HTTP/1.1" 304 -
::1 - - [21/Mar/2017:07:04:40 +0000] "GET /users HTTP/1.1" 200 4
::1 - - [21/Mar/2017:07:07:58 +0000] "GET /users HTTP/1.1" 304 -
::1 - - [21/Mar/2017:07:13:17 +0000] "GET /users HTTP/1.1" 200 140
::1 - - [21/Mar/2017:07:14:51 +0000] "GET /users HTTP/1.1" 200 78
::1 - - [21/Mar/2017:07:24:14 +0000] "GET /users HTTP/1.1" 304 -
::1 - - [21/Mar/2017:07:24:26 +0000] "GET /users HTTP/1.1" 200 76
::1 - - [21/Mar/2017:08:13:33 +0000] "GET /users HTTP/1.1" 200 107
::1 - - [21/Mar/2017:08:17:17 +0000] "GET /users HTTP/1.1" 304 -
::1 - - [21/Mar/2017:08:22:32 +0000] "GET /users HTTP/1.1" 304 -
::1 - - [21/Mar/2017:08:30:05 +0000] "GET /users HTTP/1.1" 304 -
::1 - - [21/Mar/2017:08:55:36 +0000] "GET /users HTTP/1.1" 304 -
::1 - - [21/Mar/2017:08:58:37 +0000] "GET /users HTTP/1.1" 304 -
::1 - - [21/Mar/2017:09:36:33 +0000] "GET /users HTTP/1.1" 200 76
::1 - - [21/Mar/2017:09:38:14 +0000] "GET /users HTTP/1.1" 200 107
::1 - - [21/Mar/2017:10:13:52 +0000] "GET /users HTTP/1.1" 200 76
::1 - - [21/Mar/2017:10:15:21 +0000] "GET /users HTTP/1.1" 304 -
::1 - - [21/Mar/2017:10:15:33 +0000] "GET /users HTTP/1.1" 304 -
::1 - - [21/Mar/2017:10:15:35 +0000] "GET /users HTTP/1.1" 304 -
::1 - - [21/Mar/2017:10:15:36 +0000] "GET /users HTTP/1.1" 304 -
::1 - - [21/Mar/2017:10:15:48 +0000] "GET /users HTTP/1.1" 304 -
::1 - - [21/Mar/2017:10:17:03 +0000] "GET /users HTTP/1.1" 200 140
::1 - - [21/Mar/2017:12:11:39 +0000] "GET /users HTTP/1.1" 500 1003
::1 - - [21/Mar/2017:12:11:39 +0000] "GET /stylesheets/style.css HTTP/1.1" 304 -
::1 - - [21/Mar/2017:12:13:46 +0000] "GET /users HTTP/1.1" 500 1003
::1 - - [21/Mar/2017:12:13:46 +0000] "GET /stylesheets/style.css HTTP/1.1" 304 -
::1 - - [21/Mar/2017:12:24:29 +0000] "GET /users HTTP/1.1" 500 1011
::1 - - [21/Mar/2017:12:24:29 +0000] "GET /stylesheets/style.css HTTP/1.1" 304 -
::1 - - [21/Mar/2017:12:26:48 +0000] "GET /users HTTP/1.1" 200 -
::1 - - [21/Mar/2017:12:28:10 +0000] "GET /users HTTP/1.1" 200 -
::1 - - [21/Mar/2017:12:29:50 +0000] "GET /users HTTP/1.1" 200 -
::1 - - [21/Mar/2017:13:12:14 +0000] "GET /users HTTP/1.1" 200 2
::1 - - [21/Mar/2017:13:13:30 +0000] "GET /users HTTP/1.1" 200 -
::1 - - [21/Mar/2017:13:13:53 +0000] "GET /users HTTP/1.1" 200 -
::1 - - [21/Mar/2017:13:14:05 +0000] "GET /users HTTP/1.1" 200 4
::1 - - [21/Mar/2017:13:14:26 +0000] "GET /users HTTP/1.1" 304 -
::1 - - [21/Mar/2017:13:15:08 +0000] "GET /users HTTP/1.1" 200 5
::1 - - [21/Mar/2017:13:15:26 +0000] "GET /users HTTP/1.1" 200 4
::1 - - [21/Mar/2017:13:19:11 +0000] "GET /users HTTP/1.1" 304 -
::1 - - [21/Mar/2017:13:19:31 +0000] "GET /users HTTP/1.1" 304 -
::1 - - [21/Mar/2017:13:20:38 +0000] "GET /users HTTP/1.1" 304 -
::1 - - [21/Mar/2017:13:21:10 +0000] "GET /users HTTP/1.1" 200 140
::1 - - [21/Mar/2017:13:43:54 +0000] "GET /users HTTP/1.1" 200 78
::1 - - [21/Mar/2017:14:26:21 +0000] "GET /login HTTP/1.1" 404 925
::1 - - [21/Mar/2017:14:26:21 +0000] "GET /stylesheets/style.css HTTP/1.1" 304 -
::1 - - [21/Mar/2017:14:27:20 +0000] "GET /login HTTP/1.1" 404 925
::1 - - [21/Mar/2017:14:27:20 +0000] "GET /stylesheets/style.css HTTP/1.1" 304 -
::1 - - [21/Mar/2017:14:28:44 +0000] "GET /login HTTP/1.1" 404 925
::1 - - [21/Mar/2017:14:28:45 +0000] "GET /stylesheets/style.css HTTP/1.1" 304 -
::1 - - [21/Mar/2017:14:29:00 +0000] "GET /login HTTP/1.1" 404 925
::1 - - [21/Mar/2017:14:29:00 +0000] "GET /stylesheets/style.css HTTP/1.1" 304 -
::1 - - [21/Mar/2017:14:30:35 +0000] "GET /login HTTP/1.1" 404 925
::1 - - [21/Mar/2017:14:30:35 +0000] "GET /stylesheets/style.css HTTP/1.1" 304 -
::1 - - [21/Mar/2017:14:31:21 +0000] "GET /stylesheets/style.css HTTP/1.1" 304 -
::1 - - [21/Mar/2017:14:31:24 +0000] "GET /login HTTP/1.1" 404 925
::1 - - [21/Mar/2017:14:31:24 +0000] "GET /stylesheets/style.css HTTP/1.1" 304 -
::1 - - [21/Mar/2017:14:32:04 +0000] "GET /login HTTP/1.1" 200 78
::1 - - [21/Mar/2017:14:32:46 +0000] "GET /login HTTP/1.1" 404 925
::1 - - [21/Mar/2017:14:32:46 +0000] "GET /stylesheets/style.css HTTP/1.1" 304 -
::1 - - [21/Mar/2017:14:39:55 +0000] "GET /login HTTP/1.1" 401 28
::1 - jonathanmh [21/Mar/2017:14:43:29 +0000] "GET /login HTTP/1.1" 401 28
::1 - - [21/Mar/2017:14:45:51 +0000] "GET /login HTTP/1.1" 401 28
::1 - - [21/Mar/2017:14:46:43 +0000] "GET /login HTTP/1.1" 401 28
::1 - - [21/Mar/2017:14:49:15 +0000] "POST /login HTTP/1.1" 404 925
::1 - - [21/Mar/2017:14:53:40 +0000] "POST /login HTTP/1.1" 404 925
::1 - - [21/Mar/2017:14:54:22 +0000] "POST /login HTTP/1.1" 404 925
::1 - - [21/Mar/2017:14:54:36 +0000] "POST /login HTTP/1.1" 404 925
::1 - - [21/Mar/2017:14:55:08 +0000] "POST /login HTTP/1.1" 404 924
::1 - - [21/Mar/2017:14:58:43 +0000] "GET /login HTTP/1.1" 401 28
::1 - - [21/Mar/2017:14:59:04 +0000] "GET /login?name=klk HTTP/1.1" 401 28
::1 - - [21/Mar/2017:15:00:10 +0000] "POST /login HTTP/1.1" 404 925
::1 - - [21/Mar/2017:15:00:27 +0000] "GET /login HTTP/1.1" 401 28
::1 - - [21/Mar/2017:15:03:51 +0000] "GET /login HTTP/1.1" 401 28
::1 - - [21/Mar/2017:15:07:00 +0000] "GET /login HTTP/1.1" 500 990
::1 - - [21/Mar/2017:15:19:04 +0000] "GET /login HTTP/1.1" 500 990
::1 - - [21/Mar/2017:15:19:32 +0000] "GET /login HTTP/1.1" 401 32
::1 - - [21/Mar/2017:15:20:04 +0000] "GET /login HTTP/1.1" 200 142
::1 - - [22/Mar/2017:05:37:39 +0000] "GET /login?name=test&password=test HTTP/1.1" 200 142
::1 - - [22/Mar/2017:05:37:50 +0000] "GET /login?name=test&password=test HTTP/1.1" 200 142
::1 - - [22/Mar/2017:05:37:52 +0000] "GET /login?name=test&password=test HTTP/1.1" 200 142
::1 - - [22/Mar/2017:05:37:54 +0000] "GET /login?name=test&password=test HTTP/1.1" 200 142
::1 - - [22/Mar/2017:05:50:22 +0000] "GET /users HTTP/1.1" 401 -
::1 - - [22/Mar/2017:05:51:34 +0000] "GET /users HTTP/1.1" 401 -
::1 - - [22/Mar/2017:05:52:11 +0000] "GET /users HTTP/1.1" 200 78
::1 - - [22/Mar/2017:05:52:26 +0000] "GET /users HTTP/1.1" 401 -
::1 - - [22/Mar/2017:05:57:00 +0000] "GET /users HTTP/1.1" 200 78
::1 - - [22/Mar/2017:05:58:02 +0000] "GET /users HTTP/1.1" 200 78
::1 - - [22/Mar/2017:06:09:29 +0000] "GET /users HTTP/1.1" 200 78
::1 - - [22/Mar/2017:06:12:30 +0000] "GET /users HTTP/1.1" 200 78
::1 - - [22/Mar/2017:06:12:37 +0000] "GET /login?name=test&password=test HTTP/1.1" 200 142
::1 - - [22/Mar/2017:06:12:46 +0000] "GET /users HTTP/1.1" 200 78
::1 - - [22/Mar/2017:06:30:15 +0000] "GET /users HTTP/1.1" 200 78
::1 - - [22/Mar/2017:06:36:40 +0000] "GET /users HTTP/1.1" 500 1005
::1 - - [22/Mar/2017:06:39:31 +0000] "GET /users HTTP/1.1" 500 987
::1 - - [22/Mar/2017:06:42:41 +0000] "GET /users HTTP/1.1" 500 1024
::1 - - [22/Mar/2017:06:44:00 +0000] "GET /users HTTP/1.1" 200 78
::1 - - [22/Mar/2017:06:51:41 +0000] "GET /users HTTP/1.1" 200 78
::1 - - [22/Mar/2017:06:52:30 +0000] "GET /users HTTP/1.1" 200 78
::1 - - [22/Mar/2017:06:55:02 +0000] "GET /users HTTP/1.1" 200 78
::1 - - [22/Mar/2017:07:01:20 +0000] "GET /users HTTP/1.1" 200 78
::1 - - [22/Mar/2017:07:01:24 +0000] "GET /users/test HTTP/1.1" 500 994
::1 - - [22/Mar/2017:07:01:46 +0000] "GET /users/test HTTP/1.1" 200 11
::1 - - [22/Mar/2017:07:02:12 +0000] "GET /users HTTP/1.1" 401 -
::1 - - [22/Mar/2017:07:02:17 +0000] "GET /users/test HTTP/1.1" 401 -
